[1001/101122.748:ERROR:process_memory_win.cc(73)] ReadMemory at 0x2771acdd6b0 of 72 bytes failed: Only part of a ReadProcessMemory or WriteProcessMemory request was completed. (0x12B)
[1001/101122.749:WARNING:pe_image_annotations_reader.cc(135)] could not read annotations list object in C:\Program Files\Google\Chrome\Application\85.0.4183.121\chrome_elf.dll
[1001/101122.750:ERROR:process_memory_win.cc(73)] ReadMemory at 0x2771ad13710 of 72 bytes failed: Only part of a ReadProcessMemory or WriteProcessMemory request was completed. (0x12B)
[1001/101122.750:WARNING:pe_image_annotations_reader.cc(135)] could not read annotations list object in C:\Program Files\Google\Chrome\Application\85.0.4183.121\chrome.dll
[1001/101122.753:ERROR:process_memory_win.cc(73)] ReadMemory at 0x2771af50000 of 64 bytes failed: Only part of a ReadProcessMemory or WriteProcessMemory request was completed. (0x12B)
[1001/101122.753:WARNING:pe_image_reader.cc(340)] could not read dos header from C:\WINDOWS\System32\IMM32.DLL
[1001/101122.757:ERROR:process_memory_win.cc(73)] ReadMemory at 0x2771acdd6b0 of 72 bytes failed: Only part of a ReadProcessMemory or WriteProcessMemory request was completed. (0x12B)
[1001/101122.757:WARNING:pe_image_annotations_reader.cc(135)] could not read annotations list object in C:\Program Files\Google\Chrome\Application\85.0.4183.121\chrome_elf.dll
[1001/101122.757:ERROR:process_memory_win.cc(73)] ReadMemory at 0x2771ad13710 of 72 bytes failed: Only part of a ReadProcessMemory or WriteProcessMemory request was completed. (0x12B)
[1001/101122.757:WARNING:pe_image_annotations_reader.cc(135)] could not read annotations list object in C:\Program Files\Google\Chrome\Application\85.0.4183.121\chrome.dll
[1001/101122.758:ERROR:process_memory_win.cc(73)] ReadMemory at 0x2771af50000 of 64 bytes failed: Only part of a ReadProcessMemory or WriteProcessMemory request was completed. (0x12B)
[1001/101122.758:WARNING:pe_image_reader.cc(340)] could not read dos header from C:\WINDOWS\System32\IMM32.DLL
[1001/101122.759:ERROR:process_memory_win.cc(73)] ReadMemory at 0x2771acdd6b0 of 72 bytes failed: Only part of a ReadProcessMemory or WriteProcessMemory request was completed. (0x12B)
[1001/101122.759:WARNING:pe_image_annotations_reader.cc(135)] could not read annotations list object in C:\Program Files\Google\Chrome\Application\85.0.4183.121\chrome_elf.dll
[1001/101122.759:ERROR:process_memory_win.cc(73)] ReadMemory at 0x2771ad13710 of 72 bytes failed: Only part of a ReadProcessMemory or WriteProcessMemory request was completed. (0x12B)
[1001/101122.759:WARNING:pe_image_annotations_reader.cc(135)] could not read annotations list object in C:\Program Files\Google\Chrome\Application\85.0.4183.121\chrome.dll
[1001/101122.760:ERROR:process_memory_win.cc(73)] ReadMemory at 0x2771af50000 of 64 bytes failed: Only part of a ReadProcessMemory or WriteProcessMemory request was completed. (0x12B)
[1001/101122.760:WARNING:pe_image_reader.cc(340)] could not read dos header from C:\WINDOWS\System32\IMM32.DLL
[1001/101122.773:ERROR:process_memory_win.cc(73)] ReadMemory at 0xef9ffe0000 of 131072 bytes failed: Only part of a ReadProcessMemory or WriteProcessMemory request was completed. (0x12B)
[1001/101122.773:ERROR:process_memory_win.cc(73)] ReadMemory at 0xefa07fd000 of 12288 bytes failed: Only part of a ReadProcessMemory or WriteProcessMemory request was completed. (0x12B)
[1001/101122.774:ERROR:process_memory_win.cc(73)] ReadMemory at 0xefa0ff7000 of 36864 bytes failed: Only part of a ReadProcessMemory or WriteProcessMemory request was completed. (0x12B)
[1001/101122.774:ERROR:process_memory_win.cc(73)] ReadMemory at 0xefa17fc000 of 16384 bytes failed: Only part of a ReadProcessMemory or WriteProcessMemory request was completed. (0x12B)
[1001/101122.774:ERROR:process_memory_win.cc(73)] ReadMemory at 0xefa1ffc000 of 16384 bytes failed: Only part of a ReadProcessMemory or WriteProcessMemory request was completed. (0x12B)
[1001/101122.774:ERROR:process_memory_win.cc(73)] ReadMemory at 0xefa27fe000 of 8192 bytes failed: Only part of a ReadProcessMemory or WriteProcessMemory request was completed. (0x12B)
[1001/101122.774:ERROR:process_memory_win.cc(73)] ReadMemory at 0xefa2ffd000 of 12288 bytes failed: Only part of a ReadProcessMemory or WriteProcessMemory request was completed. (0x12B)
[1001/101122.774:ERROR:process_memory_win.cc(73)] ReadMemory at 0xefa37fc000 of 16384 bytes failed: Only part of a ReadProcessMemory or WriteProcessMemory request was completed. (0x12B)
[1001/101122.774:ERROR:process_memory_win.cc(73)] ReadMemory at 0xefa47fb000 of 20480 bytes failed: Only part of a ReadProcessMemory or WriteProcessMemory request was completed. (0x12B)
[1001/101122.775:ERROR:process_memory_win.cc(73)] ReadMemory at 0xefa4ff6000 of 40960 bytes failed: Only part of a ReadProcessMemory or WriteProcessMemory request was completed. (0x12B)
[1001/101122.775:ERROR:process_memory_win.cc(73)] ReadMemory at 0xefa57fc000 of 16384 bytes failed: Only part of a ReadProcessMemory or WriteProcessMemory request was completed. (0x12B)
[1001/101122.775:ERROR:process_memory_win.cc(73)] ReadMemory at 0xefa5ff9000 of 28672 bytes failed: Only part of a ReadProcessMemory or WriteProcessMemory request was completed. (0x12B)
[1001/101122.775:ERROR:process_memory_win.cc(73)] ReadMemory at 0xefa3ffd000 of 12288 bytes failed: Only part of a ReadProcessMemory or WriteProcessMemory request was completed. (0x12B)
[1001/101122.775:ERROR:process_memory_win.cc(73)] ReadMemory at 0xef9f7a7000 of 852 bytes failed: Only part of a ReadProcessMemory or WriteProcessMemory request was completed. (0x12B)
[1001/101122.775:ERROR:process_memory_win.cc(73)] ReadMemory at 0xef9f7a8000 of 6024 bytes failed: Only part of a ReadProcessMemory or WriteProcessMemory request was completed. (0x12B)
[1001/101122.776:ERROR:process_memory_win.cc(73)] ReadMemory at 0xef9f7aa000 of 6024 bytes failed: Only part of a ReadProcessMemory or WriteProcessMemory request was completed. (0x12B)
[1001/101122.776:ERROR:process_memory_win.cc(73)] ReadMemory at 0xef9f7ac000 of 6024 bytes failed: Only part of a ReadProcessMemory or WriteProcessMemory request was completed. (0x12B)
[1001/101122.776:ERROR:process_memory_win.cc(73)] ReadMemory at 0xef9f7ae000 of 6024 bytes failed: Only part of a ReadProcessMemory or WriteProcessMemory request was completed. (0x12B)
[1001/101122.776:ERROR:process_memory_win.cc(73)] ReadMemory at 0xef9f7b0000 of 6024 bytes failed: Only part of a ReadProcessMemory or WriteProcessMemory request was completed. (0x12B)
[1001/101122.776:ERROR:process_memory_win.cc(73)] ReadMemory at 0xef9f7b2000 of 6024 bytes failed: Only part of a ReadProcessMemory or WriteProcessMemory request was completed. (0x12B)
[1001/101122.776:ERROR:process_memory_win.cc(73)] ReadMemory at 0xef9f7b4000 of 6024 bytes failed: Only part of a ReadProcessMemory or WriteProcessMemory request was completed. (0x12B)
[1001/101122.776:ERROR:process_memory_win.cc(73)] ReadMemory at 0xef9f7b6000 of 6024 bytes failed: Only part of a ReadProcessMemory or WriteProcessMemory request was completed. (0x12B)
[1001/101122.777:ERROR:process_memory_win.cc(73)] ReadMemory at 0xef9f7ba000 of 6024 bytes failed: Only part of a ReadProcessMemory or WriteProcessMemory request was completed. (0x12B)
[1001/101122.777:ERROR:process_memory_win.cc(73)] ReadMemory at 0xef9f7bc000 of 6024 bytes failed: Only part of a ReadProcessMemory or WriteProcessMemory request was completed. (0x12B)
[1001/101122.777:ERROR:process_memory_win.cc(73)] ReadMemory at 0xef9f7be000 of 6024 bytes failed: Only part of a ReadProcessMemory or WriteProcessMemory request was completed. (0x12B)
[1001/101122.777:ERROR:process_memory_win.cc(73)] ReadMemory at 0xef9f7c0000 of 6024 bytes failed: Only part of a ReadProcessMemory or WriteProcessMemory request was completed. (0x12B)
[1001/101122.777:ERROR:process_memory_win.cc(73)] ReadMemory at 0xef9f7c6000 of 6024 bytes failed: Only part of a ReadProcessMemory or WriteProcessMemory request was completed. (0x12B)
[1001/101122.777:ERROR:process_memory_win.cc(73)] ReadMemory at 0x2771acb0c40 of 512 bytes failed: Only part of a ReadProcessMemory or WriteProcessMemory request was completed. (0x12B)
[1001/101122.777:ERROR:process_memory_win.cc(73)] ReadMemory at 0x2771acd0fe0 of 4034 bytes failed: Only part of a ReadProcessMemory or WriteProcessMemory request was completed. (0x12B)
[1001/101122.777:ERROR:process_memory_win.cc(73)] ReadMemory at 0x2771acd1fb0 of 1012 bytes failed: Only part of a ReadProcessMemory or WriteProcessMemory request was completed. (0x12B)
[1001/101122.777:ERROR:process_memory_win.cc(73)] ReadMemory at 0x2771acd25f8 of 106 bytes failed: Only part of a ReadProcessMemory or WriteProcessMemory request was completed. (0x12B)
[1001/101122.778:ERROR:process_memory_win.cc(73)] ReadMemory at 0x2771acd2664 of 1090 bytes failed: Only part of a ReadProcessMemory or WriteProcessMemory request was completed. (0x12B)
[1001/101122.778:ERROR:process_memory_win.cc(73)] ReadMemory at 0x2771acd2aa8 of 106 bytes failed: Only part of a ReadProcessMemory or WriteProcessMemory request was completed. (0x12B)
[1001/101122.778:ERROR:process_memory_win.cc(73)] ReadMemory at 0x2771acd2b14 of 96 bytes failed: Only part of a ReadProcessMemory or WriteProcessMemory request was completed. (0x12B)
[1001/101122.778:ERROR:process_memory_win.cc(73)] ReadMemory at 0x2771acd2b80 of 58 bytes failed: Only part of a ReadProcessMemory or WriteProcessMemory request was completed. (0x12B)
[1001/101122.778:ERROR:process_memory_win.cc(73)] ReadMemory at 0x2771acd2c80 of 132 bytes failed: Only part of a ReadProcessMemory or WriteProcessMemory request was completed. (0x12B)
[1001/101122.778:ERROR:process_memory_win.cc(73)] ReadMemory at 0x2771acd2e10 of 132 bytes failed: Only part of a ReadProcessMemory or WriteProcessMemory request was completed. (0x12B)
[1001/101122.778:ERROR:process_memory_win.cc(73)] ReadMemory at 0x2771acd2fd0 of 114 bytes failed: Only part of a ReadProcessMemory or WriteProcessMemory request was completed. (0x12B)
[1001/101122.778:ERROR:process_memory_win.cc(73)] ReadMemory at 0x2771acd33b0 of 132 bytes failed: Only part of a ReadProcessMemory or WriteProcessMemory request was completed. (0x12B)
[1001/101122.778:ERROR:process_memory_win.cc(73)] ReadMemory at 0x2771acd3540 of 64 bytes failed: Only part of a ReadProcessMemory or WriteProcessMemory request was completed. (0x12B)
[1001/101122.778:ERROR:process_memory_win.cc(73)] ReadMemory at 0x2771acd36f0 of 132 bytes failed: Only part of a ReadProcessMemory or WriteProcessMemory request was completed. (0x12B)
[1001/101122.778:ERROR:process_memory_win.cc(73)] ReadMemory at 0x2771acd39a0 of 132 bytes failed: Only part of a ReadProcessMemory or WriteProcessMemory request was completed. (0x12B)
[1001/101122.779:ERROR:process_memory_win.cc(73)] ReadMemory at 0x2771acd3b30 of 68 bytes failed: Only part of a ReadProcessMemory or WriteProcessMemory request was completed. (0x12B)
[1001/101122.779:ERROR:process_memory_win.cc(73)] ReadMemory at 0x2771acd4ca0 of 132 bytes failed: Only part of a ReadProcessMemory or WriteProcessMemory request was completed. (0x12B)
[1001/101122.779:ERROR:process_memory_win.cc(73)] ReadMemory at 0x2771acd4dd0 of 142 bytes failed: Only part of a ReadProcessMemory or WriteProcessMemory request was completed. (0x12B)
[1001/101122.779:ERROR:process_memory_win.cc(73)] ReadMemory at 0x2771acd55c0 of 62 bytes failed: Only part of a ReadProcessMemory or WriteProcessMemory request was completed. (0x12B)
[1001/101122.779:ERROR:process_memory_win.cc(73)] ReadMemory at 0x2771acd5d50 of 132 bytes failed: Only part of a ReadProcessMemory or WriteProcessMemory request was completed. (0x12B)
[1001/101122.779:ERROR:process_memory_win.cc(73)] ReadMemory at 0x2771acd5ee0 of 60 bytes failed: Only part of a ReadProcessMemory or WriteProcessMemory request was completed. (0x12B)
[1001/101122.779:ERROR:process_memory_win.cc(73)] ReadMemory at 0x2771acddd40 of 512 bytes failed: Only part of a ReadProcessMemory or WriteProcessMemory request was completed. (0x12B)
[1001/101122.779:ERROR:process_memory_win.cc(73)] ReadMemory at 0x2771acde5d0 of 54 bytes failed: Only part of a ReadProcessMemory or WriteProcessMemory request was completed. (0x12B)
[1001/101122.779:ERROR:process_memory_win.cc(73)] ReadMemory at 0x2771ace17a0 of 80 bytes failed: Only part of a ReadProcessMemory or WriteProcessMemory request was completed. (0x12B)
[1001/101122.779:ERROR:process_memory_win.cc(73)] ReadMemory at 0x2771ace1b60 of 80 bytes failed: Only part of a ReadProcessMemory or WriteProcessMemory request was completed. (0x12B)
[1001/101122.779:ERROR:process_memory_win.cc(73)] ReadMemory at 0x2771ace3200 of 132 bytes failed: Only part of a ReadProcessMemory or WriteProcessMemory request was completed. (0x12B)
[1001/101122.780:ERROR:process_memory_win.cc(73)] ReadMemory at 0x2771ace3480 of 134 bytes failed: Only part of a ReadProcessMemory or WriteProcessMemory request was completed. (0x12B)
[1001/101122.780:ERROR:process_memory_win.cc(73)] ReadMemory at 0x2771ace37a0 of 132 bytes failed: Only part of a ReadProcessMemory or WriteProcessMemory request was completed. (0x12B)
[1001/101122.780:ERROR:process_memory_win.cc(73)] ReadMemory at 0x2771ace3ca0 of 132 bytes failed: Only part of a ReadProcessMemory or WriteProcessMemory request was completed. (0x12B)
[1001/101122.780:ERROR:process_memory_win.cc(73)] ReadMemory at 0x2771ace4070 of 132 bytes failed: Only part of a ReadProcessMemory or WriteProcessMemory request was completed. (0x12B)
[1001/101122.780:ERROR:process_memory_win.cc(73)] ReadMemory at 0x2771ace7200 of 132 bytes failed: Only part of a ReadProcessMemory or WriteProcessMemory request was completed. (0x12B)
[1001/101122.780:ERROR:process_memory_win.cc(73)] ReadMemory at 0x2771ace8910 of 132 bytes failed: Only part of a ReadProcessMemory or WriteProcessMemory request was completed. (0x12B)
[1001/101122.780:ERROR:process_memory_win.cc(73)] ReadMemory at 0x2771ace9cd0 of 132 bytes failed: Only part of a ReadProcessMemory or WriteProcessMemory request was completed. (0x12B)
[1001/101122.780:ERROR:process_memory_win.cc(73)] ReadMemory at 0x2771ace9ef0 of 132 bytes failed: Only part of a ReadProcessMemory or WriteProcessMemory request was completed. (0x12B)
[1001/101122.780:ERROR:process_memory_win.cc(73)] ReadMemory at 0x2771acea250 of 132 bytes failed: Only part of a ReadProcessMemory or WriteProcessMemory request was completed. (0x12B)
[1001/101122.780:ERROR:process_memory_win.cc(73)] ReadMemory at 0x2771acea3f0 of 64 bytes failed: Only part of a ReadProcessMemory or WriteProcessMemory request was completed. (0x12B)
[1001/101122.780:ERROR:process_memory_win.cc(73)] ReadMemory at 0x2771acea440 of 62 bytes failed: Only part of a ReadProcessMemory or WriteProcessMemory request was completed. (0x12B)
[1001/101122.781:ERROR:process_memory_win.cc(73)] ReadMemory at 0x2771acea490 of 60 bytes failed: Only part of a ReadProcessMemory or WriteProcessMemory request was completed. (0x12B)
[1001/101122.781:ERROR:process_memory_win.cc(73)] ReadMemory at 0x2771acea4e0 of 62 bytes failed: Only part of a ReadProcessMemory or WriteProcessMemory request was completed. (0x12B)
[1001/101122.781:ERROR:process_memory_win.cc(73)] ReadMemory at 0x2771acea530 of 62 bytes failed: Only part of a ReadProcessMemory or WriteProcessMemory request was completed. (0x12B)
[1001/101122.781:ERROR:process_memory_win.cc(73)] ReadMemory at 0x2771acea620 of 62 bytes failed: Only part of a ReadProcessMemory or WriteProcessMemory request was completed. (0x12B)
[1001/101122.781:ERROR:process_memory_win.cc(73)] ReadMemory at 0x2771acea670 of 60 bytes failed: Only part of a ReadProcessMemory or WriteProcessMemory request was completed. (0x12B)
[1001/101122.781:ERROR:process_memory_win.cc(73)] ReadMemory at 0x2771acea760 of 66 bytes failed: Only part of a ReadProcessMemory or WriteProcessMemory request was completed. (0x12B)
[1001/101122.781:ERROR:process_memory_win.cc(73)] ReadMemory at 0x2771acea7b0 of 64 bytes failed: Only part of a ReadProcessMemory or WriteProcessMemory request was completed. (0x12B)
[1001/101122.781:ERROR:process_memory_win.cc(73)] ReadMemory at 0x2771acea800 of 64 bytes failed: Only part of a ReadProcessMemory or WriteProcessMemory request was completed. (0x12B)
[1001/101122.781:ERROR:process_memory_win.cc(73)] ReadMemory at 0x2771acea850 of 62 bytes failed: Only part of a ReadProcessMemory or WriteProcessMemory request was completed. (0x12B)
[1001/101122.782:ERROR:process_memory_win.cc(73)] ReadMemory at 0x2771acea8a0 of 62 bytes failed: Only part of a ReadProcessMemory or WriteProcessMemory request was completed. (0x12B)
[1001/101122.782:ERROR:process_memory_win.cc(73)] ReadMemory at 0x2771aceaa30 of 60 bytes failed: Only part of a ReadProcessMemory or WriteProcessMemory request was completed. (0x12B)
[1001/101122.782:ERROR:process_memory_win.cc(73)] ReadMemory at 0x2771aceaad0 of 64 bytes failed: Only part of a ReadProcessMemory or WriteProcessMemory request was completed. (0x12B)
[1001/101122.782:ERROR:process_memory_win.cc(73)] ReadMemory at 0x2771aceabc0 of 64 bytes failed: Only part of a ReadProcessMemory or WriteProcessMemory request was completed. (0x12B)
[1001/101122.782:ERROR:process_memory_win.cc(73)] ReadMemory at 0x2771aceada0 of 62 bytes failed: Only part of a ReadProcessMemory or WriteProcessMemory request was completed. (0x12B)
[1001/101122.782:ERROR:process_memory_win.cc(73)] ReadMemory at 0x2771aceadf0 of 60 bytes failed: Only part of a ReadProcessMemory or WriteProcessMemory request was completed. (0x12B)
[1001/101122.782:ERROR:process_memory_win.cc(73)] ReadMemory at 0x2771aceaee0 of 66 bytes failed: Only part of a ReadProcessMemory or WriteProcessMemory request was completed. (0x12B)
[1001/101122.782:ERROR:process_memory_win.cc(73)] ReadMemory at 0x2771aceaf30 of 60 bytes failed: Only part of a ReadProcessMemory or WriteProcessMemory request was completed. (0x12B)
[1001/101122.782:ERROR:process_memory_win.cc(73)] ReadMemory at 0x2771aceaf80 of 64 bytes failed: Only part of a ReadProcessMemory or WriteProcessMemory request was completed. (0x12B)
[1001/101122.782:ERROR:process_memory_win.cc(73)] ReadMemory at 0x2771aceb070 of 64 bytes failed: Only part of a ReadProcessMemory or WriteProcessMemory request was completed. (0x12B)
[1001/101122.782:ERROR:process_memory_win.cc(73)] ReadMemory at 0x2771aceb0c0 of 62 bytes failed: Only part of a ReadProcessMemory or WriteProcessMemory request was completed. (0x12B)
[1001/101122.783:ERROR:process_memory_win.cc(73)] ReadMemory at 0x2771aceb110 of 64 bytes failed: Only part of a ReadProcessMemory or WriteProcessMemory request was completed. (0x12B)
[1001/101122.783:ERROR:process_memory_win.cc(73)] ReadMemory at 0x2771aceb250 of 60 bytes failed: Only part of a ReadProcessMemory or WriteProcessMemory request was completed. (0x12B)
[1001/101122.783:ERROR:process_memory_win.cc(73)] ReadMemory at 0x2771aceb2a0 of 62 bytes failed: Only part of a ReadProcessMemory or WriteProcessMemory request was completed. (0x12B)
[1001/101122.783:ERROR:process_memory_win.cc(73)] ReadMemory at 0x2771aceb2f0 of 62 bytes failed: Only part of a ReadProcessMemory or WriteProcessMemory request was completed. (0x12B)
[1001/101122.783:ERROR:process_memory_win.cc(73)] ReadMemory at 0x2771aceb340 of 58 bytes failed: Only part of a ReadProcessMemory or WriteProcessMemory request was completed. (0x12B)
[1001/101122.783:ERROR:process_memory_win.cc(73)] ReadMemory at 0x2771acefb90 of 132 bytes failed: Only part of a ReadProcessMemory or WriteProcessMemory request was completed. (0x12B)
[1001/101122.783:ERROR:process_memory_win.cc(73)] ReadMemory at 0x2771acefec0 of 132 bytes failed: Only part of a ReadProcessMemory or WriteProcessMemory request was completed. (0x12B)
[1001/101122.785:ERROR:process_memory_win.cc(73)] ReadMemory at 0x2771acefff0 of 132 bytes failed: Only part of a ReadProcessMemory or WriteProcessMemory request was completed. (0x12B)
[1001/101122.785:ERROR:process_memory_win.cc(73)] ReadMemory at 0x2771acf0120 of 132 bytes failed: Only part of a ReadProcessMemory or WriteProcessMemory request was completed. (0x12B)
[1001/101122.785:ERROR:process_memory_win.cc(73)] ReadMemory at 0x2771acf0250 of 132 bytes failed: Only part of a ReadProcessMemory or WriteProcessMemory request was completed. (0x12B)
[1001/101122.785:ERROR:process_memory_win.cc(73)] ReadMemory at 0x2771acf0380 of 132 bytes failed: Only part of a ReadProcessMemory or WriteProcessMemory request was completed. (0x12B)
[1001/101122.786:ERROR:process_memory_win.cc(73)] ReadMemory at 0x2771acf04b0 of 132 bytes failed: Only part of a ReadProcessMemory or WriteProcessMemory request was completed. (0x12B)
[1001/101122.786:ERROR:process_memory_win.cc(73)] ReadMemory at 0x2771acf05e0 of 132 bytes failed: Only part of a ReadProcessMemory or WriteProcessMemory request was completed. (0x12B)
[1001/101122.786:ERROR:process_memory_win.cc(73)] ReadMemory at 0x2771acf0710 of 132 bytes failed: Only part of a ReadProcessMemory or WriteProcessMemory request was completed. (0x12B)
[1001/101122.786:ERROR:process_memory_win.cc(73)] ReadMemory at 0x2771acf0840 of 132 bytes failed: Only part of a ReadProcessMemory or WriteProcessMemory request was completed. (0x12B)
[1001/101122.786:ERROR:process_memory_win.cc(73)] ReadMemory at 0x2771acf0970 of 132 bytes failed: Only part of a ReadProcessMemory or WriteProcessMemory request was completed. (0x12B)
[1001/101122.786:ERROR:process_memory_win.cc(73)] ReadMemory at 0x2771acf0aa0 of 132 bytes failed: Only part of a ReadProcessMemory or WriteProcessMemory request was completed. (0x12B)
[1001/101122.786:ERROR:process_memory_win.cc(73)] ReadMemory at 0x2771acf0bd0 of 132 bytes failed: Only part of a ReadProcessMemory or WriteProcessMemory request was completed. (0x12B)
[1001/101122.786:ERROR:process_memory_win.cc(73)] ReadMemory at 0x2771acf0fb0 of 132 bytes failed: Only part of a ReadProcessMemory or WriteProcessMemory request was completed. (0x12B)
[1001/101122.786:ERROR:process_memory_win.cc(73)] ReadMemory at 0x2771acf10e0 of 132 bytes failed: Only part of a ReadProcessMemory or WriteProcessMemory request was completed. (0x12B)
[1001/101122.786:ERROR:process_memory_win.cc(73)] ReadMemory at 0x2771acf1210 of 132 bytes failed: Only part of a ReadProcessMemory or WriteProcessMemory request was completed. (0x12B)
[1001/101122.786:ERROR:process_memory_win.cc(73)] ReadMemory at 0x2771acf1340 of 132 bytes failed: Only part of a ReadProcessMemory or WriteProcessMemory request was completed. (0x12B)
[1001/101122.787:ERROR:process_memory_win.cc(73)] ReadMemory at 0x2771acf1470 of 132 bytes failed: Only part of a ReadProcessMemory or WriteProcessMemory request was completed. (0x12B)
[1001/101122.787:ERROR:process_memory_win.cc(73)] ReadMemory at 0x2771acf15a0 of 132 bytes failed: Only part of a ReadProcessMemory or WriteProcessMemory request was completed. (0x12B)
[1001/101122.787:ERROR:process_memory_win.cc(73)] ReadMemory at 0x2771acf16d0 of 132 bytes failed: Only part of a ReadProcessMemory or WriteProcessMemory request was completed. (0x12B)
[1001/101122.787:ERROR:process_memory_win.cc(73)] ReadMemory at 0x2771acf1800 of 132 bytes failed: Only part of a ReadProcessMemory or WriteProcessMemory request was completed. (0x12B)
[1001/101122.787:ERROR:process_memory_win.cc(73)] ReadMemory at 0x2771acf1930 of 132 bytes failed: Only part of a ReadProcessMemory or WriteProcessMemory request was completed. (0x12B)
[1001/101122.787:ERROR:process_memory_win.cc(73)] ReadMemory at 0x2771acf1a60 of 132 bytes failed: Only part of a ReadProcessMemory or WriteProcessMemory request was completed. (0x12B)
[1001/101122.787:ERROR:process_memory_win.cc(73)] ReadMemory at 0x2771acf1df0 of 132 bytes failed: Only part of a ReadProcessMemory or WriteProcessMemory request was completed. (0x12B)
[1001/101122.787:ERROR:process_memory_win.cc(73)] ReadMemory at 0x2771acf1f20 of 132 bytes failed: Only part of a ReadProcessMemory or WriteProcessMemory request was completed. (0x12B)
[1001/101122.787:ERROR:process_memory_win.cc(73)] ReadMemory at 0x2771acf2050 of 132 bytes failed: Only part of a ReadProcessMemory or WriteProcessMemory request was completed. (0x12B)
[1001/101122.787:ERROR:process_memory_win.cc(73)] ReadMemory at 0x2771acf23e0 of 132 bytes failed: Only part of a ReadProcessMemory or WriteProcessMemory request was completed. (0x12B)
[1001/101122.787:ERROR:process_memory_win.cc(73)] ReadMemory at 0x2771acf2510 of 132 bytes failed: Only part of a ReadProcessMemory or WriteProcessMemory request was completed. (0x12B)
[1001/101122.788:ERROR:process_memory_win.cc(73)] ReadMemory at 0x2771acf2640 of 132 bytes failed: Only part of a ReadProcessMemory or WriteProcessMemory request was completed. (0x12B)
[1001/101122.788:ERROR:process_memory_win.cc(73)] ReadMemory at 0x2771acf28a0 of 132 bytes failed: Only part of a ReadProcessMemory or WriteProcessMemory request was completed. (0x12B)
[1001/101122.788:ERROR:process_memory_win.cc(73)] ReadMemory at 0x2771acf29d0 of 132 bytes failed: Only part of a ReadProcessMemory or WriteProcessMemory request was completed. (0x12B)
[1001/101122.788:ERROR:process_memory_win.cc(73)] ReadMemory at 0x2771acf2b00 of 132 bytes failed: Only part of a ReadProcessMemory or WriteProcessMemory request was completed. (0x12B)
[1001/101122.788:ERROR:process_memory_win.cc(73)] ReadMemory at 0x2771acf2c30 of 132 bytes failed: Only part of a ReadProcessMemory or WriteProcessMemory request was completed. (0x12B)
[1001/101122.788:ERROR:process_memory_win.cc(73)] ReadMemory at 0x2771acf2d60 of 132 bytes failed: Only part of a ReadProcessMemory or WriteProcessMemory request was completed. (0x12B)
[1001/101122.788:ERROR:process_memory_win.cc(73)] ReadMemory at 0x2771acf43c0 of 78 bytes failed: Only part of a ReadProcessMemory or WriteProcessMemory request was completed. (0x12B)
[1001/101122.788:ERROR:process_memory_win.cc(73)] ReadMemory at 0x2771acf49c0 of 76 bytes failed: Only part of a ReadProcessMemory or WriteProcessMemory request was completed. (0x12B)
[1001/101122.788:ERROR:process_memory_win.cc(73)] ReadMemory at 0x2771ad00430 of 512 bytes failed: Only part of a ReadProcessMemory or WriteProcessMemory request was completed. (0x12B)
[1001/101122.788:ERROR:process_memory_win.cc(73)] ReadMemory at 0x2771ad12f40 of 64 bytes failed: Only part of a ReadProcessMemory or WriteProcessMemory request was completed. (0x12B)
[1001/101122.788:ERROR:process_memory_win.cc(73)] ReadMemory at 0x2771ad12fe0 of 58 bytes failed: Only part of a ReadProcessMemory or WriteProcessMemory request was completed. (0x12B)
[1001/101122.789:ERROR:process_memory_win.cc(73)] ReadMemory at 0x2771ad13030 of 58 bytes failed: Only part of a ReadProcessMemory or WriteProcessMemory request was completed. (0x12B)
[1001/101122.789:ERROR:process_memory_win.cc(73)] ReadMemory at 0x2771ad130d0 of 66 bytes failed: Only part of a ReadProcessMemory or WriteProcessMemory request was completed. (0x12B)
[1001/101122.789:ERROR:process_memory_win.cc(73)] ReadMemory at 0x2771ad13260 of 62 bytes failed: Only part of a ReadProcessMemory or WriteProcessMemory request was completed. (0x12B)
[1001/101122.789:ERROR:process_memory_win.cc(73)] ReadMemory at 0x2771ad132b0 of 58 bytes failed: Only part of a ReadProcessMemory or WriteProcessMemory request was completed. (0x12B)
[1001/101122.789:ERROR:process_memory_win.cc(73)] ReadMemory at 0x2771ad13760 of 62 bytes failed: Only part of a ReadProcessMemory or WriteProcessMemory request was completed. (0x12B)
[1001/101122.789:ERROR:process_memory_win.cc(73)] ReadMemory at 0x2771ad13800 of 60 bytes failed: Only part of a ReadProcessMemory or WriteProcessMemory request was completed. (0x12B)
[1001/101122.789:ERROR:process_memory_win.cc(73)] ReadMemory at 0x2771ad13850 of 60 bytes failed: Only part of a ReadProcessMemory or WriteProcessMemory request was completed. (0x12B)
[1001/101122.789:ERROR:process_memory_win.cc(73)] ReadMemory at 0x2771ad139e0 of 62 bytes failed: Only part of a ReadProcessMemory or WriteProcessMemory request was completed. (0x12B)
[1001/101122.789:ERROR:process_memory_win.cc(73)] ReadMemory at 0x2771ad21ab0 of 512 bytes failed: Only part of a ReadProcessMemory or WriteProcessMemory request was completed. (0x12B)
[1001/101122.789:ERROR:process_memory_win.cc(73)] ReadMemory at 0x2771ad4b030 of 512 bytes failed: Only part of a ReadProcessMemory or WriteProcessMemory request was completed. (0x12B)
[1001/101122.789:ERROR:process_memory_win.cc(73)] ReadMemory at 0x2771ad4d1a0 of 512 bytes failed: Only part of a ReadProcessMemory or WriteProcessMemory request was completed. (0x12B)
[1001/101122.790:ERROR:process_memory_win.cc(73)] ReadMemory at 0x2771ad4d720 of 512 bytes failed: Only part of a ReadProcessMemory or WriteProcessMemory request was completed. (0x12B)
[1001/101122.790:ERROR:process_memory_win.cc(73)] ReadMemory at 0x2771ad58950 of 512 bytes failed: Only part of a ReadProcessMemory or WriteProcessMemory request was completed. (0x12B)
[1001/101122.790:ERROR:process_memory_win.cc(73)] ReadMemory at 0x2771ad5a6d0 of 512 bytes failed: Only part of a ReadProcessMemory or WriteProcessMemory request was completed. (0x12B)
[1001/101122.790:ERROR:process_memory_win.cc(73)] ReadMemory at 0x2771ad5dce0 of 736 bytes failed: Only part of a ReadProcessMemory or WriteProcessMemory request was completed. (0x12B)
[1001/101122.790:ERROR:process_memory_win.cc(73)] ReadMemory at 0x2771ad6a8e0 of 512 bytes failed: Only part of a ReadProcessMemory or WriteProcessMemory request was completed. (0x12B)
[1001/101122.790:ERROR:process_memory_win.cc(73)] ReadMemory at 0x2771ad81f80 of 512 bytes failed: Only part of a ReadProcessMemory or WriteProcessMemory request was completed. (0x12B)
[1001/101122.790:ERROR:process_memory_win.cc(73)] ReadMemory at 0x2771ad8d012 of 512 bytes failed: Only part of a ReadProcessMemory or WriteProcessMemory request was completed. (0x12B)
[1001/101122.790:ERROR:process_memory_win.cc(73)] ReadMemory at 0x2771c791000 of 512 bytes failed: Only part of a ReadProcessMemory or WriteProcessMemory request was completed. (0x12B)
[1001/101122.790:ERROR:process_memory_win.cc(73)] ReadMemory at 0x2771c7947c0 of 512 bytes failed: Only part of a ReadProcessMemory or WriteProcessMemory request was completed. (0x12B)
[1001/101122.791:ERROR:process_memory_win.cc(73)] ReadMemory at 0x2771c88caf0 of 512 bytes failed: Only part of a ReadProcessMemory or WriteProcessMemory request was completed. (0x12B)
[1001/101122.791:ERROR:process_memory_win.cc(73)] ReadMemory at 0x2771c890000 of 384 bytes failed: Only part of a ReadProcessMemory or WriteProcessMemory request was completed. (0x12B)
[1001/101122.791:ERROR:process_memory_win.cc(73)] ReadMemory at 0x2771c894000 of 512 bytes failed: Only part of a ReadProcessMemory or WriteProcessMemory request was completed. (0x12B)
[1001/101122.791:ERROR:process_memory_win.cc(73)] ReadMemory at 0x2771ca22990 of 512 bytes failed: Only part of a ReadProcessMemory or WriteProcessMemory request was completed. (0x12B)
[1001/101122.791:ERROR:process_memory_win.cc(73)] ReadMemory at 0x2771cea6740 of 512 bytes failed: Only part of a ReadProcessMemory or WriteProcessMemory request was completed. (0x12B)
[1001/101122.791:ERROR:process_memory_win.cc(73)] ReadMemory at 0x2771cea6f30 of 512 bytes failed: Only part of a ReadProcessMemory or WriteProcessMemory request was completed. (0x12B)
[1001/101122.791:ERROR:process_memory_win.cc(73)] ReadMemory at 0x2771eacbcd0 of 512 bytes failed: Only part of a ReadProcessMemory or WriteProcessMemory request was completed. (0x12B)
[1001/101122.791:ERROR:process_memory_win.cc(73)] ReadMemory at 0x2771eb09ba0 of 512 bytes failed: Only part of a ReadProcessMemory or WriteProcessMemory request was completed. (0x12B)
[1001/101122.791:ERROR:process_memory_win.cc(73)] ReadMemory at 0x2771ecf2500 of 512 bytes failed: Only part of a ReadProcessMemory or WriteProcessMemory request was completed. (0x12B)
[1001/101122.792:ERROR:process_memory_win.cc(73)] ReadMemory at 0xa66d7077714 of 512 bytes failed: Only part of a ReadProcessMemory or WriteProcessMemory request was completed. (0x12B)
[1001/101122.795:ERROR:scoped_process_suspend.cc(40)] NtResumeProcess: An attempt was made to access an exiting process. (0xc000010a)
[1106/145102.386:ERROR:process_reader_win.cc(151)] SuspendThread: Access is denied. (0x5)
[1106/145102.433:ERROR:exception_snapshot_win.cc(99)] thread ID 5888 not found in process
[1106/145102.433:ERROR:scoped_process_suspend.cc(40)] NtResumeProcess: An attempt was made to access an exiting process. (0xc000010a)
[1123/152514.932:ERROR:directory_reader_win.cc(43)] FindFirstFile: The system cannot find the path specified. (0x3)
[1123/153756.954:ERROR:directory_reader_win.cc(43)] FindFirstFile: The system cannot find the path specified. (0x3)
